


ARM Macro Assembler    Page 1 


    1 00000000         ; Generated by videoconvert. Please, do not edit!
    2 00000000         
    3 00000000                 AREA             ExtFlashSection, DATA, READONLY
    4 00000000         
    5 00000000         
    6 00000000                 END
Command Line: --debug --xref --diag_suppress=9931 --cpu=Cortex-M7.fp.dp --apcs=
interwork --depend=stm32f769i_disco\videos.d -ostm32f769i_disco\videos.o -I..\C
ore\Inc -I.\RTE\_STM32F769I_DISCO -IG:\KeilMDK\Packs\ARM\CMSIS\5.8.0\CMSIS\Core
\Include -IG:\KeilMDK\Packs\Keil\STM32F7xx_DFP\2.14.1\Drivers\CMSIS\Device\ST\S
TM32F7xx\Include --predefine="__MICROLIB SETA 1" --predefine="__UVISION_VERSION
 SETA 536" --predefine="_RTE_ SETA 1" --predefine="STM32F769xx SETA 1" --predef
ine="_RTE_ SETA 1" --list=videos.lst ../touchgfx/generated/videos/src/keil/vide
os.s



ARM Macro Assembler    Page 1 Alphabetic symbol ordering
Relocatable symbols

ExtFlashSection 00000000

Symbol: ExtFlashSection
   Definitions
      At line 3 in file ../touchgfx/generated/videos/src/keil/videos.s
   Uses
      None
Comment: ExtFlashSection unused
1 symbol
335 symbols in table
